<?xml version="1.0" encoding="UTF-8"?>
<coverage generated="1702504742212" clover="3.2.0">
  <project timestamp="1702504742213" name="All files">
    <metrics statements="12" coveredstatements="5" conditionals="1" coveredconditionals="0" methods="5" coveredmethods="2" elements="18" coveredelements="7" complexity="0" loc="12" ncloc="12" packages="1" files="1" classes="1"/>
    <file name="OtherUtils.ts" path="/Users/mengjiezhou/NinaProjects/TSTest/src/app/doubles/OtherUtils.ts">
      <metrics statements="12" coveredstatements="5" conditionals="1" coveredconditionals="0" methods="5" coveredmethods="2"/>
      <line num="11" count="1" type="stmt"/>
      <line num="12" count="0" type="stmt"/>
      <line num="17" count="1" type="stmt"/>
      <line num="18" count="0" type="cond" truecount="0" falsecount="1"/>
      <line num="19" count="0" type="stmt"/>
      <line num="20" count="0" type="stmt"/>
      <line num="22" count="0" type="stmt"/>
      <line num="23" count="0" type="stmt"/>
      <line num="26" count="1" type="stmt"/>
      <line num="29" count="0" type="stmt"/>
      <line num="33" count="1" type="stmt"/>
      <line num="37" count="1" type="stmt"/>
    </file>
  </project>
</coverage>
