{"/Users/mengjiezhou/NinaProjects/TSTest/src/app/doubles/OtherUtils.ts": {"path":"/Users/mengjiezhou/NinaProjects/TSTest/src/app/doubles/OtherUtils.ts","statementMap":{"0":{"start":{"line":12,"column":4},"end":{"line":12,"column":null}},"1":{"start":{"line":11,"column":0},"end":{"line":11,"column":16}},"2":{"start":{"line":18,"column":4},"end":{"line":21,"column":5}},"3":{"start":{"line":19,"column":8},"end":{"line":19,"column":38}},"4":{"start":{"line":20,"column":8},"end":{"line":20,"column":15}},"5":{"start":{"line":22,"column":4},"end":{"line":22,"column":null}},"6":{"start":{"line":23,"column":4},"end":{"line":23,"column":29}},"7":{"start":{"line":17,"column":0},"end":{"line":17,"column":16}},"8":{"start":{"line":29,"column":8},"end":{"line":29,"column":51}},"9":{"start":{"line":33,"column":8},"end":{"line":33,"column":null}},"10":{"start":{"line":37,"column":8},"end":{"line":37,"column":25}},"11":{"start":{"line":26,"column":0},"end":{"line":26,"column":13}}},"fnMap":{"0":{"name":"calculateComplexity","decl":{"start":{"line":11,"column":16},"end":{"line":11,"column":35}},"loc":{"start":{"line":11,"column":58},"end":{"line":13,"column":1}}},"1":{"name":"toUpperCaseWithCb","decl":{"start":{"line":17,"column":16},"end":{"line":17,"column":33}},"loc":{"start":{"line":17,"column":77},"end":{"line":24,"column":1}}},"2":{"name":"(anonymous_2)","decl":{"start":{"line":28,"column":11},"end":{"line":28,"column":30}},"loc":{"start":{"line":28,"column":30},"end":{"line":30,"column":5}}},"3":{"name":"(anonymous_3)","decl":{"start":{"line":32,"column":11},"end":{"line":32,"column":22}},"loc":{"start":{"line":32,"column":34},"end":{"line":34,"column":5}}},"4":{"name":"(anonymous_4)","decl":{"start":{"line":36,"column":11},"end":{"line":36,"column":20}},"loc":{"start":{"line":36,"column":32},"end":{"line":38,"column":5}}}},"branchMap":{"0":{"loc":{"start":{"line":18,"column":4},"end":{"line":21,"column":5}},"type":"if","locations":[{"start":{"line":18,"column":4},"end":{"line":21,"column":5}}]}},"s":{"0":0,"1":1,"2":0,"3":0,"4":0,"5":0,"6":0,"7":1,"8":0,"9":1,"10":1,"11":1},"f":{"0":0,"1":0,"2":0,"3":1,"4":1},"b":{"0":[0]}}
}
